<?xml version="1.0" encoding="UTF-8"?>
<testng-results ignored="0" total="1" passed="1" failed="0" skipped="0">
  <reporter-output>
  </reporter-output>
  <suite started-at="2025-03-20T11:34:30 IST" name="Default suite" finished-at="2025-03-20T11:34:56 IST" duration-ms="26120">
    <groups>
    </groups>
    <test started-at="2025-03-20T11:34:30 IST" name="Default test" finished-at="2025-03-20T11:34:56 IST" duration-ms="26120">
      <class name="testPackage.TC_BuyProduct_003_Test">
        <test-method is-config="true" signature="browserSetUp()[pri:0, instance:testPackage.TC_BuyProduct_003_Test@3c9754d8]" started-at="2025-03-20T11:34:30 IST" name="browserSetUp" finished-at="2025-03-20T11:34:38 IST" duration-ms="8416" status="PASS">
          <reporter-output>
          </reporter-output>
        </test-method> <!-- browserSetUp -->
        <test-method is-config="true" signature="validLogin()[pri:0, instance:testPackage.TC_BuyProduct_003_Test@3c9754d8]" started-at="2025-03-20T11:34:38 IST" name="validLogin" finished-at="2025-03-20T11:34:42 IST" duration-ms="3835" status="PASS">
          <reporter-output>
          </reporter-output>
        </test-method> <!-- validLogin -->
        <test-method signature="buyProductMethod()[pri:0, instance:testPackage.TC_BuyProduct_003_Test@3c9754d8]" started-at="2025-03-20T11:34:42 IST" name="buyProductMethod" finished-at="2025-03-20T11:34:54 IST" duration-ms="12255" status="PASS">
          <reporter-output>
          </reporter-output>
        </test-method> <!-- buyProductMethod -->
        <test-method is-config="true" signature="logOut()[pri:0, instance:testPackage.TC_BuyProduct_003_Test@3c9754d8]" started-at="2025-03-20T11:34:54 IST" name="logOut" finished-at="2025-03-20T11:34:55 IST" duration-ms="1111" status="PASS">
          <reporter-output>
          </reporter-output>
        </test-method> <!-- logOut -->
        <test-method is-config="true" signature="browserTearDown()[pri:0, instance:testPackage.TC_BuyProduct_003_Test@3c9754d8]" started-at="2025-03-20T11:34:55 IST" name="browserTearDown" finished-at="2025-03-20T11:34:56 IST" duration-ms="415" status="PASS">
          <reporter-output>
          </reporter-output>
        </test-method> <!-- browserTearDown -->
      </class> <!-- testPackage.TC_BuyProduct_003_Test -->
    </test> <!-- Default test -->
  </suite> <!-- Default suite -->
</testng-results>
